The target system is: Android - 1 - i686
The host system is: Darwin - 25.5.0 - arm64
Compiling the C compiler identification source file "CMakeCCompilerId.c" succeeded.
Compiler: /nix/store/pxh2dimvvxlqggpsgj07v78awshpfly9-androidsdk/libexec/android-sdk/ndk/28.2.13676358/toolchains/llvm/prebuilt/darwin-x86_64/bin/clang 
Build flags: -g;-DANDROID;-fdata-sections;-ffunction-sections;-funwind-tables;-fstack-protector-strong;-no-canonical-prefixes;-D_FORTIFY_SOURCE=2;-Wformat;-Werror=format-security;
Id flags: -c;--target=i686-none-linux-android31 

The output was:
0


Compilation of the C compiler identification source "CMakeCCompilerId.c" produced "CMakeCCompilerId.o"

The C compiler identification is Clang, found in "/Users/louis/projects/grapheneos-essentials/apps/assistant/.cxx/Debug/621hv4g6/x86/CMakeFiles/3.22.1-g37088a8/CompilerIdC/CMakeCCompilerId.o"

Compiling the CXX compiler identification source file "CMakeCXXCompilerId.cpp" succeeded.
Compiler: /nix/store/pxh2dimvvxlqggpsgj07v78awshpfly9-androidsdk/libexec/android-sdk/ndk/28.2.13676358/toolchains/llvm/prebuilt/darwin-x86_64/bin/clang++ 
Build flags: -g;-DANDROID;-fdata-sections;-ffunction-sections;-funwind-tables;-fstack-protector-strong;-no-canonical-prefixes;-D_FORTIFY_SOURCE=2;-Wformat;-Werror=format-security;;
Id flags: -c;--target=i686-none-linux-android31 

The output was:
0


Compilation of the CXX compiler identification source "CMakeCXXCompilerId.cpp" produced "CMakeCXXCompilerId.o"

The CXX compiler identification is Clang, found in "/Users/louis/projects/grapheneos-essentials/apps/assistant/.cxx/Debug/621hv4g6/x86/CMakeFiles/3.22.1-g37088a8/CompilerIdCXX/CMakeCXXCompilerId.o"

Detecting C compiler ABI info compiled with the following output:
Change Dir: /Users/louis/projects/grapheneos-essentials/apps/assistant/.cxx/Debug/621hv4g6/x86/CMakeFiles/CMakeTmp

Run Build Command(s):/nix/store/pxh2dimvvxlqggpsgj07v78awshpfly9-androidsdk/libexec/android-sdk/cmake/3.22.1/bin/ninja cmTC_f7772 && [1/2] Building C object CMakeFiles/cmTC_f7772.dir/CMakeCCompilerABI.c.o
Android (13624864, +pgo, -bolt, +lto, -mlgo, based on r530567e) clang version 19.0.1 (https://android.googlesource.com/toolchain/llvm-project 97a699bf4812a18fb657c2779f5296a4ab2694d2)
Target: i686-none-linux-android31
Thread model: posix
InstalledDir: /nix/store/pxh2dimvvxlqggpsgj07v78awshpfly9-androidsdk/libexec/android-sdk/ndk/28.2.13676358/toolchains/llvm/prebuilt/darwin-x86_64/bin
 (in-process)
 "/nix/store/pxh2dimvvxlqggpsgj07v78awshpfly9-androidsdk/libexec/android-sdk/ndk/28.2.13676358/toolchains/llvm/prebuilt/darwin-x86_64/bin/clang" -cc1 -triple i686-none-linux-android31 -emit-obj -mrelax-all -disable-free -clear-ast-before-backend -disable-llvm-verifier -discard-value-names -main-file-name CMakeCCompilerABI.c -mrelocation-model pic -pic-level 2 -pic-is-pie -mframe-pointer=non-leaf -ffp-contract=on -fno-rounding-math -mconstructor-aliases -funwind-tables=2 -target-cpu i686 -target-feature +ssse3 -tune-cpu generic -debug-info-kind=constructor -dwarf-version=4 -debugger-tuning=gdb -fdebug-compilation-dir=/Users/louis/projects/grapheneos-essentials/apps/assistant/.cxx/Debug/621hv4g6/x86/CMakeFiles/CMakeTmp -v -ffunction-sections -fdata-sections -fcoverage-compilation-dir=/Users/louis/projects/grapheneos-essentials/apps/assistant/.cxx/Debug/621hv4g6/x86/CMakeFiles/CMakeTmp -resource-dir /nix/store/pxh2dimvvxlqggpsgj07v78awshpfly9-androidsdk/libexec/android-sdk/ndk/28.2.13676358/toolchains/llvm/prebuilt/darwin-x86_64/lib/clang/19 -dependency-file CMakeFiles/cmTC_f7772.dir/CMakeCCompilerABI.c.o.d -MT CMakeFiles/cmTC_f7772.dir/CMakeCCompilerABI.c.o -sys-header-deps -D ANDROID -D _FORTIFY_SOURCE=2 -isysroot /nix/store/pxh2dimvvxlqggpsgj07v78awshpfly9-androidsdk/libexec/android-sdk/ndk/28.2.13676358/toolchains/llvm/prebuilt/darwin-x86_64/sysroot -internal-isystem /nix/store/pxh2dimvvxlqggpsgj07v78awshpfly9-androidsdk/libexec/android-sdk/ndk/28.2.13676358/toolchains/llvm/prebuilt/darwin-x86_64/lib/clang/19/include -internal-isystem /nix/store/pxh2dimvvxlqggpsgj07v78awshpfly9-androidsdk/libexec/android-sdk/ndk/28.2.13676358/toolchains/llvm/prebuilt/darwin-x86_64/sysroot/usr/local/include -internal-externc-isystem /nix/store/pxh2dimvvxlqggpsgj07v78awshpfly9-androidsdk/libexec/android-sdk/ndk/28.2.13676358/toolchains/llvm/prebuilt/darwin-x86_64/sysroot/usr/include/i686-linux-android -internal-externc-isystem /nix/store/pxh2dimvvxlqggpsgj07v78awshpfly9-androidsdk/libexec/android-sdk/ndk/28.2.13676358/toolchains/llvm/prebuilt/darwin-x86_64/sysroot/include -internal-externc-isystem /nix/store/pxh2dimvvxlqggpsgj07v78awshpfly9-androidsdk/libexec/android-sdk/ndk/28.2.13676358/toolchains/llvm/prebuilt/darwin-x86_64/sysroot/usr/include -source-date-epoch 315532800 -Wformat -ferror-limit 19 -stack-protector 2 -fgnuc-version=4.2.1 -fskip-odr-check-in-gmf -D__GCC_HAVE_DWARF2_CFI_ASM=1 -o CMakeFiles/cmTC_f7772.dir/CMakeCCompilerABI.c.o -x c /nix/store/4hxl7kl83q3sj0jg74hsbqxfia2mh6yr-android-sdk-cmake-3.22.1/libexec/android-sdk/cmake/3.22.1/share/cmake-3.22/Modules/CMakeCCompilerABI.c
clang -cc1 version 19.0.1 based upon LLVM 19.0.1 default target x86_64-apple-darwin25.5.0
ignoring nonexistent directory "/nix/store/pxh2dimvvxlqggpsgj07v78awshpfly9-androidsdk/libexec/android-sdk/ndk/28.2.13676358/toolchains/llvm/prebuilt/darwin-x86_64/sysroot/usr/local/include"
ignoring nonexistent directory "/nix/store/pxh2dimvvxlqggpsgj07v78awshpfly9-androidsdk/libexec/android-sdk/ndk/28.2.13676358/toolchains/llvm/prebuilt/darwin-x86_64/sysroot/include"
#include "..." search starts here:
#include <...> search starts here:
 /nix/store/pxh2dimvvxlqggpsgj07v78awshpfly9-androidsdk/libexec/android-sdk/ndk/28.2.13676358/toolchains/llvm/prebuilt/darwin-x86_64/lib/clang/19/include
 /nix/store/pxh2dimvvxlqggpsgj07v78awshpfly9-androidsdk/libexec/android-sdk/ndk/28.2.13676358/toolchains/llvm/prebuilt/darwin-x86_64/sysroot/usr/include/i686-linux-android
 /nix/store/pxh2dimvvxlqggpsgj07v78awshpfly9-androidsdk/libexec/android-sdk/ndk/28.2.13676358/toolchains/llvm/prebuilt/darwin-x86_64/sysroot/usr/include
End of search list.
[2/2] Linking C executable cmTC_f7772
Android (13624864, +pgo, -bolt, +lto, -mlgo, based on r530567e) clang version 19.0.1 (https://android.googlesource.com/toolchain/llvm-project 97a699bf4812a18fb657c2779f5296a4ab2694d2)
Target: i686-none-linux-android31
Thread model: posix
InstalledDir: /nix/store/pxh2dimvvxlqggpsgj07v78awshpfly9-androidsdk/libexec/android-sdk/ndk/28.2.13676358/toolchains/llvm/prebuilt/darwin-x86_64/bin
 "/nix/store/pxh2dimvvxlqggpsgj07v78awshpfly9-androidsdk/libexec/android-sdk/ndk/28.2.13676358/toolchains/llvm/prebuilt/darwin-x86_64/bin/ld.lld" --sysroot=/nix/store/pxh2dimvvxlqggpsgj07v78awshpfly9-androidsdk/libexec/android-sdk/ndk/28.2.13676358/toolchains/llvm/prebuilt/darwin-x86_64/sysroot -z now -z relro --hash-style=gnu --eh-frame-hdr -m elf_i386 -pie -dynamic-linker /system/bin/linker -o cmTC_f7772 /nix/store/pxh2dimvvxlqggpsgj07v78awshpfly9-androidsdk/libexec/android-sdk/ndk/28.2.13676358/toolchains/llvm/prebuilt/darwin-x86_64/sysroot/usr/lib/i686-linux-android/31/crtbegin_dynamic.o -L/nix/store/pxh2dimvvxlqggpsgj07v78awshpfly9-androidsdk/libexec/android-sdk/ndk/28.2.13676358/toolchains/llvm/prebuilt/darwin-x86_64/lib/clang/19/lib/linux/i386 -L/nix/store/pxh2dimvvxlqggpsgj07v78awshpfly9-androidsdk/libexec/android-sdk/ndk/28.2.13676358/toolchains/llvm/prebuilt/darwin-x86_64/sysroot/usr/lib/i686-linux-android/31 -L/nix/store/pxh2dimvvxlqggpsgj07v78awshpfly9-androidsdk/libexec/android-sdk/ndk/28.2.13676358/toolchains/llvm/prebuilt/darwin-x86_64/sysroot/usr/lib/i686-linux-android -L/nix/store/pxh2dimvvxlqggpsgj07v78awshpfly9-androidsdk/libexec/android-sdk/ndk/28.2.13676358/toolchains/llvm/prebuilt/darwin-x86_64/sysroot/usr/lib --build-id=sha1 --no-undefined-version --fatal-warnings --no-undefined CMakeFiles/cmTC_f7772.dir/CMakeCCompilerABI.c.o /nix/store/pxh2dimvvxlqggpsgj07v78awshpfly9-androidsdk/libexec/android-sdk/ndk/28.2.13676358/toolchains/llvm/prebuilt/darwin-x86_64/lib/clang/19/lib/linux/libclang_rt.builtins-i686-android.a -l:libunwind.a -ldl -lc /nix/store/pxh2dimvvxlqggpsgj07v78awshpfly9-androidsdk/libexec/android-sdk/ndk/28.2.13676358/toolchains/llvm/prebuilt/darwin-x86_64/lib/clang/19/lib/linux/libclang_rt.builtins-i686-android.a -l:libunwind.a -ldl /nix/store/pxh2dimvvxlqggpsgj07v78awshpfly9-androidsdk/libexec/android-sdk/ndk/28.2.13676358/toolchains/llvm/prebuilt/darwin-x86_64/sysroot/usr/lib/i686-linux-android/31/crtend_android.o



Parsed C implicit include dir info from above output: rv=done
  found start of include info
  found start of implicit include info
    add: [/nix/store/pxh2dimvvxlqggpsgj07v78awshpfly9-androidsdk/libexec/android-sdk/ndk/28.2.13676358/toolchains/llvm/prebuilt/darwin-x86_64/lib/clang/19/include]
    add: [/nix/store/pxh2dimvvxlqggpsgj07v78awshpfly9-androidsdk/libexec/android-sdk/ndk/28.2.13676358/toolchains/llvm/prebuilt/darwin-x86_64/sysroot/usr/include/i686-linux-android]
    add: [/nix/store/pxh2dimvvxlqggpsgj07v78awshpfly9-androidsdk/libexec/android-sdk/ndk/28.2.13676358/toolchains/llvm/prebuilt/darwin-x86_64/sysroot/usr/include]
  end of search list found
  collapse include dir [/nix/store/pxh2dimvvxlqggpsgj07v78awshpfly9-androidsdk/libexec/android-sdk/ndk/28.2.13676358/toolchains/llvm/prebuilt/darwin-x86_64/lib/clang/19/include] ==> [/nix/store/pxh2dimvvxlqggpsgj07v78awshpfly9-androidsdk/libexec/android-sdk/ndk/28.2.13676358/toolchains/llvm/prebuilt/darwin-x86_64/lib/clang/19/include]
  collapse include dir [/nix/store/pxh2dimvvxlqggpsgj07v78awshpfly9-androidsdk/libexec/android-sdk/ndk/28.2.13676358/toolchains/llvm/prebuilt/darwin-x86_64/sysroot/usr/include/i686-linux-android] ==> [/nix/store/pxh2dimvvxlqggpsgj07v78awshpfly9-androidsdk/libexec/android-sdk/ndk/28.2.13676358/toolchains/llvm/prebuilt/darwin-x86_64/sysroot/usr/include/i686-linux-android]
  collapse include dir [/nix/store/pxh2dimvvxlqggpsgj07v78awshpfly9-androidsdk/libexec/android-sdk/ndk/28.2.13676358/toolchains/llvm/prebuilt/darwin-x86_64/sysroot/usr/include] ==> [/nix/store/pxh2dimvvxlqggpsgj07v78awshpfly9-androidsdk/libexec/android-sdk/ndk/28.2.13676358/toolchains/llvm/prebuilt/darwin-x86_64/sysroot/usr/include]
  implicit include dirs: [/nix/store/pxh2dimvvxlqggpsgj07v78awshpfly9-androidsdk/libexec/android-sdk/ndk/28.2.13676358/toolchains/llvm/prebuilt/darwin-x86_64/lib/clang/19/include;/nix/store/pxh2dimvvxlqggpsgj07v78awshpfly9-androidsdk/libexec/android-sdk/ndk/28.2.13676358/toolchains/llvm/prebuilt/darwin-x86_64/sysroot/usr/include/i686-linux-android;/nix/store/pxh2dimvvxlqggpsgj07v78awshpfly9-androidsdk/libexec/android-sdk/ndk/28.2.13676358/toolchains/llvm/prebuilt/darwin-x86_64/sysroot/usr/include]


Parsed C implicit link information from above output:
  link line regex: [^( *|.*[/\])(ld\.lld|CMAKE_LINK_STARTFILE-NOTFOUND|([^/\]+-)?ld|collect2)[^/\]*( |$)]
  ignore line: [Change Dir: /Users/louis/projects/grapheneos-essentials/apps/assistant/.cxx/Debug/621hv4g6/x86/CMakeFiles/CMakeTmp]
  ignore line: []
  ignore line: [Run Build Command(s):/nix/store/pxh2dimvvxlqggpsgj07v78awshpfly9-androidsdk/libexec/android-sdk/cmake/3.22.1/bin/ninja cmTC_f7772 && [1/2] Building C object CMakeFiles/cmTC_f7772.dir/CMakeCCompilerABI.c.o]
  ignore line: [Android (13624864  +pgo  -bolt  +lto  -mlgo  based on r530567e) clang version 19.0.1 (https://android.googlesource.com/toolchain/llvm-project 97a699bf4812a18fb657c2779f5296a4ab2694d2)]
  ignore line: [Target: i686-none-linux-android31]
  ignore line: [Thread model: posix]
  ignore line: [InstalledDir: /nix/store/pxh2dimvvxlqggpsgj07v78awshpfly9-androidsdk/libexec/android-sdk/ndk/28.2.13676358/toolchains/llvm/prebuilt/darwin-x86_64/bin]
  ignore line: [ (in-process)]
  ignore line: [ "/nix/store/pxh2dimvvxlqggpsgj07v78awshpfly9-androidsdk/libexec/android-sdk/ndk/28.2.13676358/toolchains/llvm/prebuilt/darwin-x86_64/bin/clang" -cc1 -triple i686-none-linux-android31 -emit-obj -mrelax-all -disable-free -clear-ast-before-backend -disable-llvm-verifier -discard-value-names -main-file-name CMakeCCompilerABI.c -mrelocation-model pic -pic-level 2 -pic-is-pie -mframe-pointer=non-leaf -ffp-contract=on -fno-rounding-math -mconstructor-aliases -funwind-tables=2 -target-cpu i686 -target-feature +ssse3 -tune-cpu generic -debug-info-kind=constructor -dwarf-version=4 -debugger-tuning=gdb -fdebug-compilation-dir=/Users/louis/projects/grapheneos-essentials/apps/assistant/.cxx/Debug/621hv4g6/x86/CMakeFiles/CMakeTmp -v -ffunction-sections -fdata-sections -fcoverage-compilation-dir=/Users/louis/projects/grapheneos-essentials/apps/assistant/.cxx/Debug/621hv4g6/x86/CMakeFiles/CMakeTmp -resource-dir /nix/store/pxh2dimvvxlqggpsgj07v78awshpfly9-androidsdk/libexec/android-sdk/ndk/28.2.13676358/toolchains/llvm/prebuilt/darwin-x86_64/lib/clang/19 -dependency-file CMakeFiles/cmTC_f7772.dir/CMakeCCompilerABI.c.o.d -MT CMakeFiles/cmTC_f7772.dir/CMakeCCompilerABI.c.o -sys-header-deps -D ANDROID -D _FORTIFY_SOURCE=2 -isysroot /nix/store/pxh2dimvvxlqggpsgj07v78awshpfly9-androidsdk/libexec/android-sdk/ndk/28.2.13676358/toolchains/llvm/prebuilt/darwin-x86_64/sysroot -internal-isystem /nix/store/pxh2dimvvxlqggpsgj07v78awshpfly9-androidsdk/libexec/android-sdk/ndk/28.2.13676358/toolchains/llvm/prebuilt/darwin-x86_64/lib/clang/19/include -internal-isystem /nix/store/pxh2dimvvxlqggpsgj07v78awshpfly9-androidsdk/libexec/android-sdk/ndk/28.2.13676358/toolchains/llvm/prebuilt/darwin-x86_64/sysroot/usr/local/include -internal-externc-isystem /nix/store/pxh2dimvvxlqggpsgj07v78awshpfly9-androidsdk/libexec/android-sdk/ndk/28.2.13676358/toolchains/llvm/prebuilt/darwin-x86_64/sysroot/usr/include/i686-linux-android -internal-externc-isystem /nix/store/pxh2dimvvxlqggpsgj07v78awshpfly9-androidsdk/libexec/android-sdk/ndk/28.2.13676358/toolchains/llvm/prebuilt/darwin-x86_64/sysroot/include -internal-externc-isystem /nix/store/pxh2dimvvxlqggpsgj07v78awshpfly9-androidsdk/libexec/android-sdk/ndk/28.2.13676358/toolchains/llvm/prebuilt/darwin-x86_64/sysroot/usr/include -source-date-epoch 315532800 -Wformat -ferror-limit 19 -stack-protector 2 -fgnuc-version=4.2.1 -fskip-odr-check-in-gmf -D__GCC_HAVE_DWARF2_CFI_ASM=1 -o CMakeFiles/cmTC_f7772.dir/CMakeCCompilerABI.c.o -x c /nix/store/4hxl7kl83q3sj0jg74hsbqxfia2mh6yr-android-sdk-cmake-3.22.1/libexec/android-sdk/cmake/3.22.1/share/cmake-3.22/Modules/CMakeCCompilerABI.c]
  ignore line: [clang -cc1 version 19.0.1 based upon LLVM 19.0.1 default target x86_64-apple-darwin25.5.0]
  ignore line: [ignoring nonexistent directory "/nix/store/pxh2dimvvxlqggpsgj07v78awshpfly9-androidsdk/libexec/android-sdk/ndk/28.2.13676358/toolchains/llvm/prebuilt/darwin-x86_64/sysroot/usr/local/include"]
  ignore line: [ignoring nonexistent directory "/nix/store/pxh2dimvvxlqggpsgj07v78awshpfly9-androidsdk/libexec/android-sdk/ndk/28.2.13676358/toolchains/llvm/prebuilt/darwin-x86_64/sysroot/include"]
  ignore line: [#include "..." search starts here:]
  ignore line: [#include <...> search starts here:]
  ignore line: [ /nix/store/pxh2dimvvxlqggpsgj07v78awshpfly9-androidsdk/libexec/android-sdk/ndk/28.2.13676358/toolchains/llvm/prebuilt/darwin-x86_64/lib/clang/19/include]
  ignore line: [ /nix/store/pxh2dimvvxlqggpsgj07v78awshpfly9-androidsdk/libexec/android-sdk/ndk/28.2.13676358/toolchains/llvm/prebuilt/darwin-x86_64/sysroot/usr/include/i686-linux-android]
  ignore line: [ /nix/store/pxh2dimvvxlqggpsgj07v78awshpfly9-androidsdk/libexec/android-sdk/ndk/28.2.13676358/toolchains/llvm/prebuilt/darwin-x86_64/sysroot/usr/include]
  ignore line: [End of search list.]
  ignore line: [[2/2] Linking C executable cmTC_f7772]
  ignore line: [Android (13624864  +pgo  -bolt  +lto  -mlgo  based on r530567e) clang version 19.0.1 (https://android.googlesource.com/toolchain/llvm-project 97a699bf4812a18fb657c2779f5296a4ab2694d2)]
  ignore line: [Target: i686-none-linux-android31]
  ignore line: [Thread model: posix]
  ignore line: [InstalledDir: /nix/store/pxh2dimvvxlqggpsgj07v78awshpfly9-androidsdk/libexec/android-sdk/ndk/28.2.13676358/toolchains/llvm/prebuilt/darwin-x86_64/bin]
  link line: [ "/nix/store/pxh2dimvvxlqggpsgj07v78awshpfly9-androidsdk/libexec/android-sdk/ndk/28.2.13676358/toolchains/llvm/prebuilt/darwin-x86_64/bin/ld.lld" --sysroot=/nix/store/pxh2dimvvxlqggpsgj07v78awshpfly9-androidsdk/libexec/android-sdk/ndk/28.2.13676358/toolchains/llvm/prebuilt/darwin-x86_64/sysroot -z now -z relro --hash-style=gnu --eh-frame-hdr -m elf_i386 -pie -dynamic-linker /system/bin/linker -o cmTC_f7772 /nix/store/pxh2dimvvxlqggpsgj07v78awshpfly9-androidsdk/libexec/android-sdk/ndk/28.2.13676358/toolchains/llvm/prebuilt/darwin-x86_64/sysroot/usr/lib/i686-linux-android/31/crtbegin_dynamic.o -L/nix/store/pxh2dimvvxlqggpsgj07v78awshpfly9-androidsdk/libexec/android-sdk/ndk/28.2.13676358/toolchains/llvm/prebuilt/darwin-x86_64/lib/clang/19/lib/linux/i386 -L/nix/store/pxh2dimvvxlqggpsgj07v78awshpfly9-androidsdk/libexec/android-sdk/ndk/28.2.13676358/toolchains/llvm/prebuilt/darwin-x86_64/sysroot/usr/lib/i686-linux-android/31 -L/nix/store/pxh2dimvvxlqggpsgj07v78awshpfly9-androidsdk/libexec/android-sdk/ndk/28.2.13676358/toolchains/llvm/prebuilt/darwin-x86_64/sysroot/usr/lib/i686-linux-android -L/nix/store/pxh2dimvvxlqggpsgj07v78awshpfly9-androidsdk/libexec/android-sdk/ndk/28.2.13676358/toolchains/llvm/prebuilt/darwin-x86_64/sysroot/usr/lib --build-id=sha1 --no-undefined-version --fatal-warnings --no-undefined CMakeFiles/cmTC_f7772.dir/CMakeCCompilerABI.c.o /nix/store/pxh2dimvvxlqggpsgj07v78awshpfly9-androidsdk/libexec/android-sdk/ndk/28.2.13676358/toolchains/llvm/prebuilt/darwin-x86_64/lib/clang/19/lib/linux/libclang_rt.builtins-i686-android.a -l:libunwind.a -ldl -lc /nix/store/pxh2dimvvxlqggpsgj07v78awshpfly9-androidsdk/libexec/android-sdk/ndk/28.2.13676358/toolchains/llvm/prebuilt/darwin-x86_64/lib/clang/19/lib/linux/libclang_rt.builtins-i686-android.a -l:libunwind.a -ldl /nix/store/pxh2dimvvxlqggpsgj07v78awshpfly9-androidsdk/libexec/android-sdk/ndk/28.2.13676358/toolchains/llvm/prebuilt/darwin-x86_64/sysroot/usr/lib/i686-linux-android/31/crtend_android.o]
    arg [/nix/store/pxh2dimvvxlqggpsgj07v78awshpfly9-androidsdk/libexec/android-sdk/ndk/28.2.13676358/toolchains/llvm/prebuilt/darwin-x86_64/bin/ld.lld] ==> ignore
    arg [--sysroot=/nix/store/pxh2dimvvxlqggpsgj07v78awshpfly9-androidsdk/libexec/android-sdk/ndk/28.2.13676358/toolchains/llvm/prebuilt/darwin-x86_64/sysroot] ==> ignore
    arg [-znow] ==> ignore
    arg [-zrelro] ==> ignore
    arg [--hash-style=gnu] ==> ignore
    arg [--eh-frame-hdr] ==> ignore
    arg [-m] ==> ignore
    arg [elf_i386] ==> ignore
    arg [-pie] ==> ignore
    arg [-dynamic-linker] ==> ignore
    arg [/system/bin/linker] ==> ignore
    arg [-o] ==> ignore
    arg [cmTC_f7772] ==> ignore
    arg [/nix/store/pxh2dimvvxlqggpsgj07v78awshpfly9-androidsdk/libexec/android-sdk/ndk/28.2.13676358/toolchains/llvm/prebuilt/darwin-x86_64/sysroot/usr/lib/i686-linux-android/31/crtbegin_dynamic.o] ==> obj [/nix/store/pxh2dimvvxlqggpsgj07v78awshpfly9-androidsdk/libexec/android-sdk/ndk/28.2.13676358/toolchains/llvm/prebuilt/darwin-x86_64/sysroot/usr/lib/i686-linux-android/31/crtbegin_dynamic.o]
    arg [-L/nix/store/pxh2dimvvxlqggpsgj07v78awshpfly9-androidsdk/libexec/android-sdk/ndk/28.2.13676358/toolchains/llvm/prebuilt/darwin-x86_64/lib/clang/19/lib/linux/i386] ==> dir [/nix/store/pxh2dimvvxlqggpsgj07v78awshpfly9-androidsdk/libexec/android-sdk/ndk/28.2.13676358/toolchains/llvm/prebuilt/darwin-x86_64/lib/clang/19/lib/linux/i386]
    arg [-L/nix/store/pxh2dimvvxlqggpsgj07v78awshpfly9-androidsdk/libexec/android-sdk/ndk/28.2.13676358/toolchains/llvm/prebuilt/darwin-x86_64/sysroot/usr/lib/i686-linux-android/31] ==> dir [/nix/store/pxh2dimvvxlqggpsgj07v78awshpfly9-androidsdk/libexec/android-sdk/ndk/28.2.13676358/toolchains/llvm/prebuilt/darwin-x86_64/sysroot/usr/lib/i686-linux-android/31]
    arg [-L/nix/store/pxh2dimvvxlqggpsgj07v78awshpfly9-androidsdk/libexec/android-sdk/ndk/28.2.13676358/toolchains/llvm/prebuilt/darwin-x86_64/sysroot/usr/lib/i686-linux-android] ==> dir [/nix/store/pxh2dimvvxlqggpsgj07v78awshpfly9-androidsdk/libexec/android-sdk/ndk/28.2.13676358/toolchains/llvm/prebuilt/darwin-x86_64/sysroot/usr/lib/i686-linux-android]
    arg [-L/nix/store/pxh2dimvvxlqggpsgj07v78awshpfly9-androidsdk/libexec/android-sdk/ndk/28.2.13676358/toolchains/llvm/prebuilt/darwin-x86_64/sysroot/usr/lib] ==> dir [/nix/store/pxh2dimvvxlqggpsgj07v78awshpfly9-androidsdk/libexec/android-sdk/ndk/28.2.13676358/toolchains/llvm/prebuilt/darwin-x86_64/sysroot/usr/lib]
    arg [--build-id=sha1] ==> ignore
    arg [--no-undefined-version] ==> ignore
    arg [--fatal-warnings] ==> ignore
    arg [--no-undefined] ==> ignore
    arg [CMakeFiles/cmTC_f7772.dir/CMakeCCompilerABI.c.o] ==> ignore
    arg [/nix/store/pxh2dimvvxlqggpsgj07v78awshpfly9-androidsdk/libexec/android-sdk/ndk/28.2.13676358/toolchains/llvm/prebuilt/darwin-x86_64/lib/clang/19/lib/linux/libclang_rt.builtins-i686-android.a] ==> lib [/nix/store/pxh2dimvvxlqggpsgj07v78awshpfly9-androidsdk/libexec/android-sdk/ndk/28.2.13676358/toolchains/llvm/prebuilt/darwin-x86_64/lib/clang/19/lib/linux/libclang_rt.builtins-i686-android.a]
    arg [-l:libunwind.a] ==> lib [-l:libunwind.a]
    arg [-ldl] ==> lib [dl]
    arg [-lc] ==> lib [c]
    arg [/nix/store/pxh2dimvvxlqggpsgj07v78awshpfly9-androidsdk/libexec/android-sdk/ndk/28.2.13676358/toolchains/llvm/prebuilt/darwin-x86_64/lib/clang/19/lib/linux/libclang_rt.builtins-i686-android.a] ==> lib [/nix/store/pxh2dimvvxlqggpsgj07v78awshpfly9-androidsdk/libexec/android-sdk/ndk/28.2.13676358/toolchains/llvm/prebuilt/darwin-x86_64/lib/clang/19/lib/linux/libclang_rt.builtins-i686-android.a]
    arg [-l:libunwind.a] ==> lib [-l:libunwind.a]
    arg [-ldl] ==> lib [dl]
    arg [/nix/store/pxh2dimvvxlqggpsgj07v78awshpfly9-androidsdk/libexec/android-sdk/ndk/28.2.13676358/toolchains/llvm/prebuilt/darwin-x86_64/sysroot/usr/lib/i686-linux-android/31/crtend_android.o] ==> obj [/nix/store/pxh2dimvvxlqggpsgj07v78awshpfly9-androidsdk/libexec/android-sdk/ndk/28.2.13676358/toolchains/llvm/prebuilt/darwin-x86_64/sysroot/usr/lib/i686-linux-android/31/crtend_android.o]
  remove lib [/nix/store/pxh2dimvvxlqggpsgj07v78awshpfly9-androidsdk/libexec/android-sdk/ndk/28.2.13676358/toolchains/llvm/prebuilt/darwin-x86_64/lib/clang/19/lib/linux/libclang_rt.builtins-i686-android.a]
  remove lib [/nix/store/pxh2dimvvxlqggpsgj07v78awshpfly9-androidsdk/libexec/android-sdk/ndk/28.2.13676358/toolchains/llvm/prebuilt/darwin-x86_64/lib/clang/19/lib/linux/libclang_rt.builtins-i686-android.a]
  collapse library dir [/nix/store/pxh2dimvvxlqggpsgj07v78awshpfly9-androidsdk/libexec/android-sdk/ndk/28.2.13676358/toolchains/llvm/prebuilt/darwin-x86_64/lib/clang/19/lib/linux/i386] ==> [/nix/store/pxh2dimvvxlqggpsgj07v78awshpfly9-androidsdk/libexec/android-sdk/ndk/28.2.13676358/toolchains/llvm/prebuilt/darwin-x86_64/lib/clang/19/lib/linux/i386]
  collapse library dir [/nix/store/pxh2dimvvxlqggpsgj07v78awshpfly9-androidsdk/libexec/android-sdk/ndk/28.2.13676358/toolchains/llvm/prebuilt/darwin-x86_64/sysroot/usr/lib/i686-linux-android/31] ==> [/nix/store/pxh2dimvvxlqggpsgj07v78awshpfly9-androidsdk/libexec/android-sdk/ndk/28.2.13676358/toolchains/llvm/prebuilt/darwin-x86_64/sysroot/usr/lib/i686-linux-android/31]
  collapse library dir [/nix/store/pxh2dimvvxlqggpsgj07v78awshpfly9-androidsdk/libexec/android-sdk/ndk/28.2.13676358/toolchains/llvm/prebuilt/darwin-x86_64/sysroot/usr/lib/i686-linux-android] ==> [/nix/store/pxh2dimvvxlqggpsgj07v78awshpfly9-androidsdk/libexec/android-sdk/ndk/28.2.13676358/toolchains/llvm/prebuilt/darwin-x86_64/sysroot/usr/lib/i686-linux-android]
  collapse library dir [/nix/store/pxh2dimvvxlqggpsgj07v78awshpfly9-androidsdk/libexec/android-sdk/ndk/28.2.13676358/toolchains/llvm/prebuilt/darwin-x86_64/sysroot/usr/lib] ==> [/nix/store/pxh2dimvvxlqggpsgj07v78awshpfly9-androidsdk/libexec/android-sdk/ndk/28.2.13676358/toolchains/llvm/prebuilt/darwin-x86_64/sysroot/usr/lib]
  implicit libs: [-l:libunwind.a;dl;c;-l:libunwind.a;dl]
  implicit objs: [/nix/store/pxh2dimvvxlqggpsgj07v78awshpfly9-androidsdk/libexec/android-sdk/ndk/28.2.13676358/toolchains/llvm/prebuilt/darwin-x86_64/sysroot/usr/lib/i686-linux-android/31/crtbegin_dynamic.o;/nix/store/pxh2dimvvxlqggpsgj07v78awshpfly9-androidsdk/libexec/android-sdk/ndk/28.2.13676358/toolchains/llvm/prebuilt/darwin-x86_64/sysroot/usr/lib/i686-linux-android/31/crtend_android.o]
  implicit dirs: [/nix/store/pxh2dimvvxlqggpsgj07v78awshpfly9-androidsdk/libexec/android-sdk/ndk/28.2.13676358/toolchains/llvm/prebuilt/darwin-x86_64/lib/clang/19/lib/linux/i386;/nix/store/pxh2dimvvxlqggpsgj07v78awshpfly9-androidsdk/libexec/android-sdk/ndk/28.2.13676358/toolchains/llvm/prebuilt/darwin-x86_64/sysroot/usr/lib/i686-linux-android/31;/nix/store/pxh2dimvvxlqggpsgj07v78awshpfly9-androidsdk/libexec/android-sdk/ndk/28.2.13676358/toolchains/llvm/prebuilt/darwin-x86_64/sysroot/usr/lib/i686-linux-android;/nix/store/pxh2dimvvxlqggpsgj07v78awshpfly9-androidsdk/libexec/android-sdk/ndk/28.2.13676358/toolchains/llvm/prebuilt/darwin-x86_64/sysroot/usr/lib]
  implicit fwks: []


Detecting CXX compiler ABI info compiled with the following output:
Change Dir: /Users/louis/projects/grapheneos-essentials/apps/assistant/.cxx/Debug/621hv4g6/x86/CMakeFiles/CMakeTmp

Run Build Command(s):/nix/store/pxh2dimvvxlqggpsgj07v78awshpfly9-androidsdk/libexec/android-sdk/cmake/3.22.1/bin/ninja cmTC_3e7d2 && [1/2] Building CXX object CMakeFiles/cmTC_3e7d2.dir/CMakeCXXCompilerABI.cpp.o
Android (13624864, +pgo, -bolt, +lto, -mlgo, based on r530567e) clang version 19.0.1 (https://android.googlesource.com/toolchain/llvm-project 97a699bf4812a18fb657c2779f5296a4ab2694d2)
Target: i686-none-linux-android31
Thread model: posix
InstalledDir: /nix/store/pxh2dimvvxlqggpsgj07v78awshpfly9-androidsdk/libexec/android-sdk/ndk/28.2.13676358/toolchains/llvm/prebuilt/darwin-x86_64/bin
 (in-process)
 "/nix/store/pxh2dimvvxlqggpsgj07v78awshpfly9-androidsdk/libexec/android-sdk/ndk/28.2.13676358/toolchains/llvm/prebuilt/darwin-x86_64/bin/clang++" -cc1 -triple i686-none-linux-android31 -emit-obj -mrelax-all -disable-free -clear-ast-before-backend -disable-llvm-verifier -discard-value-names -main-file-name CMakeCXXCompilerABI.cpp -mrelocation-model pic -pic-level 2 -pic-is-pie -mframe-pointer=non-leaf -ffp-contract=on -fno-rounding-math -mconstructor-aliases -funwind-tables=2 -target-cpu i686 -target-feature +ssse3 -tune-cpu generic -debug-info-kind=constructor -dwarf-version=4 -debugger-tuning=gdb -fdebug-compilation-dir=/Users/louis/projects/grapheneos-essentials/apps/assistant/.cxx/Debug/621hv4g6/x86/CMakeFiles/CMakeTmp -v -ffunction-sections -fdata-sections -fcoverage-compilation-dir=/Users/louis/projects/grapheneos-essentials/apps/assistant/.cxx/Debug/621hv4g6/x86/CMakeFiles/CMakeTmp -resource-dir /nix/store/pxh2dimvvxlqggpsgj07v78awshpfly9-androidsdk/libexec/android-sdk/ndk/28.2.13676358/toolchains/llvm/prebuilt/darwin-x86_64/lib/clang/19 -dependency-file CMakeFiles/cmTC_3e7d2.dir/CMakeCXXCompilerABI.cpp.o.d -MT CMakeFiles/cmTC_3e7d2.dir/CMakeCXXCompilerABI.cpp.o -sys-header-deps -D ANDROID -D _FORTIFY_SOURCE=2 -isysroot /nix/store/pxh2dimvvxlqggpsgj07v78awshpfly9-androidsdk/libexec/android-sdk/ndk/28.2.13676358/toolchains/llvm/prebuilt/darwin-x86_64/sysroot -internal-isystem /nix/store/pxh2dimvvxlqggpsgj07v78awshpfly9-androidsdk/libexec/android-sdk/ndk/28.2.13676358/toolchains/llvm/prebuilt/darwin-x86_64/sysroot/usr/include/c++/v1 -internal-isystem /nix/store/pxh2dimvvxlqggpsgj07v78awshpfly9-androidsdk/libexec/android-sdk/ndk/28.2.13676358/toolchains/llvm/prebuilt/darwin-x86_64/lib/clang/19/include -internal-isystem /nix/store/pxh2dimvvxlqggpsgj07v78awshpfly9-androidsdk/libexec/android-sdk/ndk/28.2.13676358/toolchains/llvm/prebuilt/darwin-x86_64/sysroot/usr/local/include -internal-externc-isystem /nix/store/pxh2dimvvxlqggpsgj07v78awshpfly9-androidsdk/libexec/android-sdk/ndk/28.2.13676358/toolchains/llvm/prebuilt/darwin-x86_64/sysroot/usr/include/i686-linux-android -internal-externc-isystem /nix/store/pxh2dimvvxlqggpsgj07v78awshpfly9-androidsdk/libexec/android-sdk/ndk/28.2.13676358/toolchains/llvm/prebuilt/darwin-x86_64/sysroot/include -internal-externc-isystem /nix/store/pxh2dimvvxlqggpsgj07v78awshpfly9-androidsdk/libexec/android-sdk/ndk/28.2.13676358/toolchains/llvm/prebuilt/darwin-x86_64/sysroot/usr/include -source-date-epoch 315532800 -Wformat -fdeprecated-macro -ferror-limit 19 -stack-protector 2 -fgnuc-version=4.2.1 -fskip-odr-check-in-gmf -fcxx-exceptions -fexceptions -D__GCC_HAVE_DWARF2_CFI_ASM=1 -o CMakeFiles/cmTC_3e7d2.dir/CMakeCXXCompilerABI.cpp.o -x c++ /nix/store/4hxl7kl83q3sj0jg74hsbqxfia2mh6yr-android-sdk-cmake-3.22.1/libexec/android-sdk/cmake/3.22.1/share/cmake-3.22/Modules/CMakeCXXCompilerABI.cpp
clang -cc1 version 19.0.1 based upon LLVM 19.0.1 default target x86_64-apple-darwin25.5.0
ignoring nonexistent directory "/nix/store/pxh2dimvvxlqggpsgj07v78awshpfly9-androidsdk/libexec/android-sdk/ndk/28.2.13676358/toolchains/llvm/prebuilt/darwin-x86_64/sysroot/usr/local/include"
ignoring nonexistent directory "/nix/store/pxh2dimvvxlqggpsgj07v78awshpfly9-androidsdk/libexec/android-sdk/ndk/28.2.13676358/toolchains/llvm/prebuilt/darwin-x86_64/sysroot/include"
#include "..." search starts here:
#include <...> search starts here:
 /nix/store/pxh2dimvvxlqggpsgj07v78awshpfly9-androidsdk/libexec/android-sdk/ndk/28.2.13676358/toolchains/llvm/prebuilt/darwin-x86_64/sysroot/usr/include/c++/v1
 /nix/store/pxh2dimvvxlqggpsgj07v78awshpfly9-androidsdk/libexec/android-sdk/ndk/28.2.13676358/toolchains/llvm/prebuilt/darwin-x86_64/lib/clang/19/include
 /nix/store/pxh2dimvvxlqggpsgj07v78awshpfly9-androidsdk/libexec/android-sdk/ndk/28.2.13676358/toolchains/llvm/prebuilt/darwin-x86_64/sysroot/usr/include/i686-linux-android
 /nix/store/pxh2dimvvxlqggpsgj07v78awshpfly9-androidsdk/libexec/android-sdk/ndk/28.2.13676358/toolchains/llvm/prebuilt/darwin-x86_64/sysroot/usr/include
End of search list.
[2/2] Linking CXX executable cmTC_3e7d2
Android (13624864, +pgo, -bolt, +lto, -mlgo, based on r530567e) clang version 19.0.1 (https://android.googlesource.com/toolchain/llvm-project 97a699bf4812a18fb657c2779f5296a4ab2694d2)
Target: i686-none-linux-android31
Thread model: posix
InstalledDir: /nix/store/pxh2dimvvxlqggpsgj07v78awshpfly9-androidsdk/libexec/android-sdk/ndk/28.2.13676358/toolchains/llvm/prebuilt/darwin-x86_64/bin
 "/nix/store/pxh2dimvvxlqggpsgj07v78awshpfly9-androidsdk/libexec/android-sdk/ndk/28.2.13676358/toolchains/llvm/prebuilt/darwin-x86_64/bin/ld.lld" --sysroot=/nix/store/pxh2dimvvxlqggpsgj07v78awshpfly9-androidsdk/libexec/android-sdk/ndk/28.2.13676358/toolchains/llvm/prebuilt/darwin-x86_64/sysroot -z now -z relro --hash-style=gnu --eh-frame-hdr -m elf_i386 -pie -dynamic-linker /system/bin/linker -o cmTC_3e7d2 /nix/store/pxh2dimvvxlqggpsgj07v78awshpfly9-androidsdk/libexec/android-sdk/ndk/28.2.13676358/toolchains/llvm/prebuilt/darwin-x86_64/sysroot/usr/lib/i686-linux-android/31/crtbegin_dynamic.o -L/nix/store/pxh2dimvvxlqggpsgj07v78awshpfly9-androidsdk/libexec/android-sdk/ndk/28.2.13676358/toolchains/llvm/prebuilt/darwin-x86_64/lib/clang/19/lib/linux/i386 -L/nix/store/pxh2dimvvxlqggpsgj07v78awshpfly9-androidsdk/libexec/android-sdk/ndk/28.2.13676358/toolchains/llvm/prebuilt/darwin-x86_64/sysroot/usr/lib/i686-linux-android/31 -L/nix/store/pxh2dimvvxlqggpsgj07v78awshpfly9-androidsdk/libexec/android-sdk/ndk/28.2.13676358/toolchains/llvm/prebuilt/darwin-x86_64/sysroot/usr/lib/i686-linux-android -L/nix/store/pxh2dimvvxlqggpsgj07v78awshpfly9-androidsdk/libexec/android-sdk/ndk/28.2.13676358/toolchains/llvm/prebuilt/darwin-x86_64/sysroot/usr/lib --build-id=sha1 --no-undefined-version --fatal-warnings --no-undefined CMakeFiles/cmTC_3e7d2.dir/CMakeCXXCompilerABI.cpp.o -Bstatic -lc++ -Bdynamic -lm /nix/store/pxh2dimvvxlqggpsgj07v78awshpfly9-androidsdk/libexec/android-sdk/ndk/28.2.13676358/toolchains/llvm/prebuilt/darwin-x86_64/lib/clang/19/lib/linux/libclang_rt.builtins-i686-android.a -l:libunwind.a -ldl -lc /nix/store/pxh2dimvvxlqggpsgj07v78awshpfly9-androidsdk/libexec/android-sdk/ndk/28.2.13676358/toolchains/llvm/prebuilt/darwin-x86_64/lib/clang/19/lib/linux/libclang_rt.builtins-i686-android.a -l:libunwind.a -ldl /nix/store/pxh2dimvvxlqggpsgj07v78awshpfly9-androidsdk/libexec/android-sdk/ndk/28.2.13676358/toolchains/llvm/prebuilt/darwin-x86_64/sysroot/usr/lib/i686-linux-android/31/crtend_android.o



Parsed CXX implicit include dir info from above output: rv=done
  found start of include info
  found start of implicit include info
    add: [/nix/store/pxh2dimvvxlqggpsgj07v78awshpfly9-androidsdk/libexec/android-sdk/ndk/28.2.13676358/toolchains/llvm/prebuilt/darwin-x86_64/sysroot/usr/include/c++/v1]
    add: [/nix/store/pxh2dimvvxlqggpsgj07v78awshpfly9-androidsdk/libexec/android-sdk/ndk/28.2.13676358/toolchains/llvm/prebuilt/darwin-x86_64/lib/clang/19/include]
    add: [/nix/store/pxh2dimvvxlqggpsgj07v78awshpfly9-androidsdk/libexec/android-sdk/ndk/28.2.13676358/toolchains/llvm/prebuilt/darwin-x86_64/sysroot/usr/include/i686-linux-android]
    add: [/nix/store/pxh2dimvvxlqggpsgj07v78awshpfly9-androidsdk/libexec/android-sdk/ndk/28.2.13676358/toolchains/llvm/prebuilt/darwin-x86_64/sysroot/usr/include]
  end of search list found
  collapse include dir [/nix/store/pxh2dimvvxlqggpsgj07v78awshpfly9-androidsdk/libexec/android-sdk/ndk/28.2.13676358/toolchains/llvm/prebuilt/darwin-x86_64/sysroot/usr/include/c++/v1] ==> [/nix/store/pxh2dimvvxlqggpsgj07v78awshpfly9-androidsdk/libexec/android-sdk/ndk/28.2.13676358/toolchains/llvm/prebuilt/darwin-x86_64/sysroot/usr/include/c++/v1]
  collapse include dir [/nix/store/pxh2dimvvxlqggpsgj07v78awshpfly9-androidsdk/libexec/android-sdk/ndk/28.2.13676358/toolchains/llvm/prebuilt/darwin-x86_64/lib/clang/19/include] ==> [/nix/store/pxh2dimvvxlqggpsgj07v78awshpfly9-androidsdk/libexec/android-sdk/ndk/28.2.13676358/toolchains/llvm/prebuilt/darwin-x86_64/lib/clang/19/include]
  collapse include dir [/nix/store/pxh2dimvvxlqggpsgj07v78awshpfly9-androidsdk/libexec/android-sdk/ndk/28.2.13676358/toolchains/llvm/prebuilt/darwin-x86_64/sysroot/usr/include/i686-linux-android] ==> [/nix/store/pxh2dimvvxlqggpsgj07v78awshpfly9-androidsdk/libexec/android-sdk/ndk/28.2.13676358/toolchains/llvm/prebuilt/darwin-x86_64/sysroot/usr/include/i686-linux-android]
  collapse include dir [/nix/store/pxh2dimvvxlqggpsgj07v78awshpfly9-androidsdk/libexec/android-sdk/ndk/28.2.13676358/toolchains/llvm/prebuilt/darwin-x86_64/sysroot/usr/include] ==> [/nix/store/pxh2dimvvxlqggpsgj07v78awshpfly9-androidsdk/libexec/android-sdk/ndk/28.2.13676358/toolchains/llvm/prebuilt/darwin-x86_64/sysroot/usr/include]
  implicit include dirs: [/nix/store/pxh2dimvvxlqggpsgj07v78awshpfly9-androidsdk/libexec/android-sdk/ndk/28.2.13676358/toolchains/llvm/prebuilt/darwin-x86_64/sysroot/usr/include/c++/v1;/nix/store/pxh2dimvvxlqggpsgj07v78awshpfly9-androidsdk/libexec/android-sdk/ndk/28.2.13676358/toolchains/llvm/prebuilt/darwin-x86_64/lib/clang/19/include;/nix/store/pxh2dimvvxlqggpsgj07v78awshpfly9-androidsdk/libexec/android-sdk/ndk/28.2.13676358/toolchains/llvm/prebuilt/darwin-x86_64/sysroot/usr/include/i686-linux-android;/nix/store/pxh2dimvvxlqggpsgj07v78awshpfly9-androidsdk/libexec/android-sdk/ndk/28.2.13676358/toolchains/llvm/prebuilt/darwin-x86_64/sysroot/usr/include]


Parsed CXX implicit link information from above output:
  link line regex: [^( *|.*[/\])(ld\.lld|CMAKE_LINK_STARTFILE-NOTFOUND|([^/\]+-)?ld|collect2)[^/\]*( |$)]
  ignore line: [Change Dir: /Users/louis/projects/grapheneos-essentials/apps/assistant/.cxx/Debug/621hv4g6/x86/CMakeFiles/CMakeTmp]
  ignore line: []
  ignore line: [Run Build Command(s):/nix/store/pxh2dimvvxlqggpsgj07v78awshpfly9-androidsdk/libexec/android-sdk/cmake/3.22.1/bin/ninja cmTC_3e7d2 && [1/2] Building CXX object CMakeFiles/cmTC_3e7d2.dir/CMakeCXXCompilerABI.cpp.o]
  ignore line: [Android (13624864  +pgo  -bolt  +lto  -mlgo  based on r530567e) clang version 19.0.1 (https://android.googlesource.com/toolchain/llvm-project 97a699bf4812a18fb657c2779f5296a4ab2694d2)]
  ignore line: [Target: i686-none-linux-android31]
  ignore line: [Thread model: posix]
  ignore line: [InstalledDir: /nix/store/pxh2dimvvxlqggpsgj07v78awshpfly9-androidsdk/libexec/android-sdk/ndk/28.2.13676358/toolchains/llvm/prebuilt/darwin-x86_64/bin]
  ignore line: [ (in-process)]
  ignore line: [ "/nix/store/pxh2dimvvxlqggpsgj07v78awshpfly9-androidsdk/libexec/android-sdk/ndk/28.2.13676358/toolchains/llvm/prebuilt/darwin-x86_64/bin/clang++" -cc1 -triple i686-none-linux-android31 -emit-obj -mrelax-all -disable-free -clear-ast-before-backend -disable-llvm-verifier -discard-value-names -main-file-name CMakeCXXCompilerABI.cpp -mrelocation-model pic -pic-level 2 -pic-is-pie -mframe-pointer=non-leaf -ffp-contract=on -fno-rounding-math -mconstructor-aliases -funwind-tables=2 -target-cpu i686 -target-feature +ssse3 -tune-cpu generic -debug-info-kind=constructor -dwarf-version=4 -debugger-tuning=gdb -fdebug-compilation-dir=/Users/louis/projects/grapheneos-essentials/apps/assistant/.cxx/Debug/621hv4g6/x86/CMakeFiles/CMakeTmp -v -ffunction-sections -fdata-sections -fcoverage-compilation-dir=/Users/louis/projects/grapheneos-essentials/apps/assistant/.cxx/Debug/621hv4g6/x86/CMakeFiles/CMakeTmp -resource-dir /nix/store/pxh2dimvvxlqggpsgj07v78awshpfly9-androidsdk/libexec/android-sdk/ndk/28.2.13676358/toolchains/llvm/prebuilt/darwin-x86_64/lib/clang/19 -dependency-file CMakeFiles/cmTC_3e7d2.dir/CMakeCXXCompilerABI.cpp.o.d -MT CMakeFiles/cmTC_3e7d2.dir/CMakeCXXCompilerABI.cpp.o -sys-header-deps -D ANDROID -D _FORTIFY_SOURCE=2 -isysroot /nix/store/pxh2dimvvxlqggpsgj07v78awshpfly9-androidsdk/libexec/android-sdk/ndk/28.2.13676358/toolchains/llvm/prebuilt/darwin-x86_64/sysroot -internal-isystem /nix/store/pxh2dimvvxlqggpsgj07v78awshpfly9-androidsdk/libexec/android-sdk/ndk/28.2.13676358/toolchains/llvm/prebuilt/darwin-x86_64/sysroot/usr/include/c++/v1 -internal-isystem /nix/store/pxh2dimvvxlqggpsgj07v78awshpfly9-androidsdk/libexec/android-sdk/ndk/28.2.13676358/toolchains/llvm/prebuilt/darwin-x86_64/lib/clang/19/include -internal-isystem /nix/store/pxh2dimvvxlqggpsgj07v78awshpfly9-androidsdk/libexec/android-sdk/ndk/28.2.13676358/toolchains/llvm/prebuilt/darwin-x86_64/sysroot/usr/local/include -internal-externc-isystem /nix/store/pxh2dimvvxlqggpsgj07v78awshpfly9-androidsdk/libexec/android-sdk/ndk/28.2.13676358/toolchains/llvm/prebuilt/darwin-x86_64/sysroot/usr/include/i686-linux-android -internal-externc-isystem /nix/store/pxh2dimvvxlqggpsgj07v78awshpfly9-androidsdk/libexec/android-sdk/ndk/28.2.13676358/toolchains/llvm/prebuilt/darwin-x86_64/sysroot/include -internal-externc-isystem /nix/store/pxh2dimvvxlqggpsgj07v78awshpfly9-androidsdk/libexec/android-sdk/ndk/28.2.13676358/toolchains/llvm/prebuilt/darwin-x86_64/sysroot/usr/include -source-date-epoch 315532800 -Wformat -fdeprecated-macro -ferror-limit 19 -stack-protector 2 -fgnuc-version=4.2.1 -fskip-odr-check-in-gmf -fcxx-exceptions -fexceptions -D__GCC_HAVE_DWARF2_CFI_ASM=1 -o CMakeFiles/cmTC_3e7d2.dir/CMakeCXXCompilerABI.cpp.o -x c++ /nix/store/4hxl7kl83q3sj0jg74hsbqxfia2mh6yr-android-sdk-cmake-3.22.1/libexec/android-sdk/cmake/3.22.1/share/cmake-3.22/Modules/CMakeCXXCompilerABI.cpp]
  ignore line: [clang -cc1 version 19.0.1 based upon LLVM 19.0.1 default target x86_64-apple-darwin25.5.0]
  ignore line: [ignoring nonexistent directory "/nix/store/pxh2dimvvxlqggpsgj07v78awshpfly9-androidsdk/libexec/android-sdk/ndk/28.2.13676358/toolchains/llvm/prebuilt/darwin-x86_64/sysroot/usr/local/include"]
  ignore line: [ignoring nonexistent directory "/nix/store/pxh2dimvvxlqggpsgj07v78awshpfly9-androidsdk/libexec/android-sdk/ndk/28.2.13676358/toolchains/llvm/prebuilt/darwin-x86_64/sysroot/include"]
  ignore line: [#include "..." search starts here:]
  ignore line: [#include <...> search starts here:]
  ignore line: [ /nix/store/pxh2dimvvxlqggpsgj07v78awshpfly9-androidsdk/libexec/android-sdk/ndk/28.2.13676358/toolchains/llvm/prebuilt/darwin-x86_64/sysroot/usr/include/c++/v1]
  ignore line: [ /nix/store/pxh2dimvvxlqggpsgj07v78awshpfly9-androidsdk/libexec/android-sdk/ndk/28.2.13676358/toolchains/llvm/prebuilt/darwin-x86_64/lib/clang/19/include]
  ignore line: [ /nix/store/pxh2dimvvxlqggpsgj07v78awshpfly9-androidsdk/libexec/android-sdk/ndk/28.2.13676358/toolchains/llvm/prebuilt/darwin-x86_64/sysroot/usr/include/i686-linux-android]
  ignore line: [ /nix/store/pxh2dimvvxlqggpsgj07v78awshpfly9-androidsdk/libexec/android-sdk/ndk/28.2.13676358/toolchains/llvm/prebuilt/darwin-x86_64/sysroot/usr/include]
  ignore line: [End of search list.]
  ignore line: [[2/2] Linking CXX executable cmTC_3e7d2]
  ignore line: [Android (13624864  +pgo  -bolt  +lto  -mlgo  based on r530567e) clang version 19.0.1 (https://android.googlesource.com/toolchain/llvm-project 97a699bf4812a18fb657c2779f5296a4ab2694d2)]
  ignore line: [Target: i686-none-linux-android31]
  ignore line: [Thread model: posix]
  ignore line: [InstalledDir: /nix/store/pxh2dimvvxlqggpsgj07v78awshpfly9-androidsdk/libexec/android-sdk/ndk/28.2.13676358/toolchains/llvm/prebuilt/darwin-x86_64/bin]
  link line: [ "/nix/store/pxh2dimvvxlqggpsgj07v78awshpfly9-androidsdk/libexec/android-sdk/ndk/28.2.13676358/toolchains/llvm/prebuilt/darwin-x86_64/bin/ld.lld" --sysroot=/nix/store/pxh2dimvvxlqggpsgj07v78awshpfly9-androidsdk/libexec/android-sdk/ndk/28.2.13676358/toolchains/llvm/prebuilt/darwin-x86_64/sysroot -z now -z relro --hash-style=gnu --eh-frame-hdr -m elf_i386 -pie -dynamic-linker /system/bin/linker -o cmTC_3e7d2 /nix/store/pxh2dimvvxlqggpsgj07v78awshpfly9-androidsdk/libexec/android-sdk/ndk/28.2.13676358/toolchains/llvm/prebuilt/darwin-x86_64/sysroot/usr/lib/i686-linux-android/31/crtbegin_dynamic.o -L/nix/store/pxh2dimvvxlqggpsgj07v78awshpfly9-androidsdk/libexec/android-sdk/ndk/28.2.13676358/toolchains/llvm/prebuilt/darwin-x86_64/lib/clang/19/lib/linux/i386 -L/nix/store/pxh2dimvvxlqggpsgj07v78awshpfly9-androidsdk/libexec/android-sdk/ndk/28.2.13676358/toolchains/llvm/prebuilt/darwin-x86_64/sysroot/usr/lib/i686-linux-android/31 -L/nix/store/pxh2dimvvxlqggpsgj07v78awshpfly9-androidsdk/libexec/android-sdk/ndk/28.2.13676358/toolchains/llvm/prebuilt/darwin-x86_64/sysroot/usr/lib/i686-linux-android -L/nix/store/pxh2dimvvxlqggpsgj07v78awshpfly9-androidsdk/libexec/android-sdk/ndk/28.2.13676358/toolchains/llvm/prebuilt/darwin-x86_64/sysroot/usr/lib --build-id=sha1 --no-undefined-version --fatal-warnings --no-undefined CMakeFiles/cmTC_3e7d2.dir/CMakeCXXCompilerABI.cpp.o -Bstatic -lc++ -Bdynamic -lm /nix/store/pxh2dimvvxlqggpsgj07v78awshpfly9-androidsdk/libexec/android-sdk/ndk/28.2.13676358/toolchains/llvm/prebuilt/darwin-x86_64/lib/clang/19/lib/linux/libclang_rt.builtins-i686-android.a -l:libunwind.a -ldl -lc /nix/store/pxh2dimvvxlqggpsgj07v78awshpfly9-androidsdk/libexec/android-sdk/ndk/28.2.13676358/toolchains/llvm/prebuilt/darwin-x86_64/lib/clang/19/lib/linux/libclang_rt.builtins-i686-android.a -l:libunwind.a -ldl /nix/store/pxh2dimvvxlqggpsgj07v78awshpfly9-androidsdk/libexec/android-sdk/ndk/28.2.13676358/toolchains/llvm/prebuilt/darwin-x86_64/sysroot/usr/lib/i686-linux-android/31/crtend_android.o]
    arg [/nix/store/pxh2dimvvxlqggpsgj07v78awshpfly9-androidsdk/libexec/android-sdk/ndk/28.2.13676358/toolchains/llvm/prebuilt/darwin-x86_64/bin/ld.lld] ==> ignore
    arg [--sysroot=/nix/store/pxh2dimvvxlqggpsgj07v78awshpfly9-androidsdk/libexec/android-sdk/ndk/28.2.13676358/toolchains/llvm/prebuilt/darwin-x86_64/sysroot] ==> ignore
    arg [-znow] ==> ignore
    arg [-zrelro] ==> ignore
    arg [--hash-style=gnu] ==> ignore
    arg [--eh-frame-hdr] ==> ignore
    arg [-m] ==> ignore
    arg [elf_i386] ==> ignore
    arg [-pie] ==> ignore
    arg [-dynamic-linker] ==> ignore
    arg [/system/bin/linker] ==> ignore
    arg [-o] ==> ignore
    arg [cmTC_3e7d2] ==> ignore
    arg [/nix/store/pxh2dimvvxlqggpsgj07v78awshpfly9-androidsdk/libexec/android-sdk/ndk/28.2.13676358/toolchains/llvm/prebuilt/darwin-x86_64/sysroot/usr/lib/i686-linux-android/31/crtbegin_dynamic.o] ==> obj [/nix/store/pxh2dimvvxlqggpsgj07v78awshpfly9-androidsdk/libexec/android-sdk/ndk/28.2.13676358/toolchains/llvm/prebuilt/darwin-x86_64/sysroot/usr/lib/i686-linux-android/31/crtbegin_dynamic.o]
    arg [-L/nix/store/pxh2dimvvxlqggpsgj07v78awshpfly9-androidsdk/libexec/android-sdk/ndk/28.2.13676358/toolchains/llvm/prebuilt/darwin-x86_64/lib/clang/19/lib/linux/i386] ==> dir [/nix/store/pxh2dimvvxlqggpsgj07v78awshpfly9-androidsdk/libexec/android-sdk/ndk/28.2.13676358/toolchains/llvm/prebuilt/darwin-x86_64/lib/clang/19/lib/linux/i386]
    arg [-L/nix/store/pxh2dimvvxlqggpsgj07v78awshpfly9-androidsdk/libexec/android-sdk/ndk/28.2.13676358/toolchains/llvm/prebuilt/darwin-x86_64/sysroot/usr/lib/i686-linux-android/31] ==> dir [/nix/store/pxh2dimvvxlqggpsgj07v78awshpfly9-androidsdk/libexec/android-sdk/ndk/28.2.13676358/toolchains/llvm/prebuilt/darwin-x86_64/sysroot/usr/lib/i686-linux-android/31]
    arg [-L/nix/store/pxh2dimvvxlqggpsgj07v78awshpfly9-androidsdk/libexec/android-sdk/ndk/28.2.13676358/toolchains/llvm/prebuilt/darwin-x86_64/sysroot/usr/lib/i686-linux-android] ==> dir [/nix/store/pxh2dimvvxlqggpsgj07v78awshpfly9-androidsdk/libexec/android-sdk/ndk/28.2.13676358/toolchains/llvm/prebuilt/darwin-x86_64/sysroot/usr/lib/i686-linux-android]
    arg [-L/nix/store/pxh2dimvvxlqggpsgj07v78awshpfly9-androidsdk/libexec/android-sdk/ndk/28.2.13676358/toolchains/llvm/prebuilt/darwin-x86_64/sysroot/usr/lib] ==> dir [/nix/store/pxh2dimvvxlqggpsgj07v78awshpfly9-androidsdk/libexec/android-sdk/ndk/28.2.13676358/toolchains/llvm/prebuilt/darwin-x86_64/sysroot/usr/lib]
    arg [--build-id=sha1] ==> ignore
    arg [--no-undefined-version] ==> ignore
    arg [--fatal-warnings] ==> ignore
    arg [--no-undefined] ==> ignore
    arg [CMakeFiles/cmTC_3e7d2.dir/CMakeCXXCompilerABI.cpp.o] ==> ignore
    arg [-Bstatic] ==> search static
    arg [-lc++] ==> lib [c++]
    arg [-Bdynamic] ==> search dynamic
    arg [-lm] ==> lib [m]
    arg [/nix/store/pxh2dimvvxlqggpsgj07v78awshpfly9-androidsdk/libexec/android-sdk/ndk/28.2.13676358/toolchains/llvm/prebuilt/darwin-x86_64/lib/clang/19/lib/linux/libclang_rt.builtins-i686-android.a] ==> lib [/nix/store/pxh2dimvvxlqggpsgj07v78awshpfly9-androidsdk/libexec/android-sdk/ndk/28.2.13676358/toolchains/llvm/prebuilt/darwin-x86_64/lib/clang/19/lib/linux/libclang_rt.builtins-i686-android.a]
    arg [-l:libunwind.a] ==> lib [-l:libunwind.a]
    arg [-ldl] ==> lib [dl]
    arg [-lc] ==> lib [c]
    arg [/nix/store/pxh2dimvvxlqggpsgj07v78awshpfly9-androidsdk/libexec/android-sdk/ndk/28.2.13676358/toolchains/llvm/prebuilt/darwin-x86_64/lib/clang/19/lib/linux/libclang_rt.builtins-i686-android.a] ==> lib [/nix/store/pxh2dimvvxlqggpsgj07v78awshpfly9-androidsdk/libexec/android-sdk/ndk/28.2.13676358/toolchains/llvm/prebuilt/darwin-x86_64/lib/clang/19/lib/linux/libclang_rt.builtins-i686-android.a]
    arg [-l:libunwind.a] ==> lib [-l:libunwind.a]
    arg [-ldl] ==> lib [dl]
    arg [/nix/store/pxh2dimvvxlqggpsgj07v78awshpfly9-androidsdk/libexec/android-sdk/ndk/28.2.13676358/toolchains/llvm/prebuilt/darwin-x86_64/sysroot/usr/lib/i686-linux-android/31/crtend_android.o] ==> obj [/nix/store/pxh2dimvvxlqggpsgj07v78awshpfly9-androidsdk/libexec/android-sdk/ndk/28.2.13676358/toolchains/llvm/prebuilt/darwin-x86_64/sysroot/usr/lib/i686-linux-android/31/crtend_android.o]
  remove lib [/nix/store/pxh2dimvvxlqggpsgj07v78awshpfly9-androidsdk/libexec/android-sdk/ndk/28.2.13676358/toolchains/llvm/prebuilt/darwin-x86_64/lib/clang/19/lib/linux/libclang_rt.builtins-i686-android.a]
  remove lib [/nix/store/pxh2dimvvxlqggpsgj07v78awshpfly9-androidsdk/libexec/android-sdk/ndk/28.2.13676358/toolchains/llvm/prebuilt/darwin-x86_64/lib/clang/19/lib/linux/libclang_rt.builtins-i686-android.a]
  collapse library dir [/nix/store/pxh2dimvvxlqggpsgj07v78awshpfly9-androidsdk/libexec/android-sdk/ndk/28.2.13676358/toolchains/llvm/prebuilt/darwin-x86_64/lib/clang/19/lib/linux/i386] ==> [/nix/store/pxh2dimvvxlqggpsgj07v78awshpfly9-androidsdk/libexec/android-sdk/ndk/28.2.13676358/toolchains/llvm/prebuilt/darwin-x86_64/lib/clang/19/lib/linux/i386]
  collapse library dir [/nix/store/pxh2dimvvxlqggpsgj07v78awshpfly9-androidsdk/libexec/android-sdk/ndk/28.2.13676358/toolchains/llvm/prebuilt/darwin-x86_64/sysroot/usr/lib/i686-linux-android/31] ==> [/nix/store/pxh2dimvvxlqggpsgj07v78awshpfly9-androidsdk/libexec/android-sdk/ndk/28.2.13676358/toolchains/llvm/prebuilt/darwin-x86_64/sysroot/usr/lib/i686-linux-android/31]
  collapse library dir [/nix/store/pxh2dimvvxlqggpsgj07v78awshpfly9-androidsdk/libexec/android-sdk/ndk/28.2.13676358/toolchains/llvm/prebuilt/darwin-x86_64/sysroot/usr/lib/i686-linux-android] ==> [/nix/store/pxh2dimvvxlqggpsgj07v78awshpfly9-androidsdk/libexec/android-sdk/ndk/28.2.13676358/toolchains/llvm/prebuilt/darwin-x86_64/sysroot/usr/lib/i686-linux-android]
  collapse library dir [/nix/store/pxh2dimvvxlqggpsgj07v78awshpfly9-androidsdk/libexec/android-sdk/ndk/28.2.13676358/toolchains/llvm/prebuilt/darwin-x86_64/sysroot/usr/lib] ==> [/nix/store/pxh2dimvvxlqggpsgj07v78awshpfly9-androidsdk/libexec/android-sdk/ndk/28.2.13676358/toolchains/llvm/prebuilt/darwin-x86_64/sysroot/usr/lib]
  implicit libs: [c++;m;-l:libunwind.a;dl;c;-l:libunwind.a;dl]
  implicit objs: [/nix/store/pxh2dimvvxlqggpsgj07v78awshpfly9-androidsdk/libexec/android-sdk/ndk/28.2.13676358/toolchains/llvm/prebuilt/darwin-x86_64/sysroot/usr/lib/i686-linux-android/31/crtbegin_dynamic.o;/nix/store/pxh2dimvvxlqggpsgj07v78awshpfly9-androidsdk/libexec/android-sdk/ndk/28.2.13676358/toolchains/llvm/prebuilt/darwin-x86_64/sysroot/usr/lib/i686-linux-android/31/crtend_android.o]
  implicit dirs: [/nix/store/pxh2dimvvxlqggpsgj07v78awshpfly9-androidsdk/libexec/android-sdk/ndk/28.2.13676358/toolchains/llvm/prebuilt/darwin-x86_64/lib/clang/19/lib/linux/i386;/nix/store/pxh2dimvvxlqggpsgj07v78awshpfly9-androidsdk/libexec/android-sdk/ndk/28.2.13676358/toolchains/llvm/prebuilt/darwin-x86_64/sysroot/usr/lib/i686-linux-android/31;/nix/store/pxh2dimvvxlqggpsgj07v78awshpfly9-androidsdk/libexec/android-sdk/ndk/28.2.13676358/toolchains/llvm/prebuilt/darwin-x86_64/sysroot/usr/lib/i686-linux-android;/nix/store/pxh2dimvvxlqggpsgj07v78awshpfly9-androidsdk/libexec/android-sdk/ndk/28.2.13676358/toolchains/llvm/prebuilt/darwin-x86_64/sysroot/usr/lib]
  implicit fwks: []


